#
# There is insufficient memory for the Java Runtime Environment to continue.
# Native memory allocation (malloc) failed to allocate 1797936 bytes for Chunk::new
# Possible reasons:
#   The system is out of physical RAM or swap space
#   The process is running with CompressedOops enabled, and the Java Heap may be blocking the growth of the native heap
# Possible solutions:
#   Reduce memory load on the system
#   Increase physical memory or swap space
#   Check if swap backing store is full
#   Decrease Java heap size (-Xmx/-Xms)
#   Decrease number of Java threads
#   Decrease Java thread stack sizes (-Xss)
#   Set larger code cache with -XX:ReservedCodeCacheSize=
#   JVM is running with Unscaled Compressed Oops mode in which the Java heap is
#     placed in the first 4GB address space. The Java Heap base address is the
#     maximum limit for the native heap growth. Please use -XX:HeapBaseMinAddress
#     to set the Java Heap base and to place the Java Heap above 4GB virtual address.
# This output file may be truncated or incomplete.
#
#  Out of Memory Error (src/hotspot/share/memory/arena.cpp:197), pid=20292, tid=50524
#
# JRE version: OpenJDK Runtime Environment (11.0.15) (build 11.0.15+0-b2043.56-9505619)
# Java VM: OpenJDK 64-Bit Server VM (11.0.15+0-b2043.56-9505619, mixed mode, tiered, compressed oops, g1 gc, windows-amd64)
# No core dump will be written. Minidumps are not enabled by default on client versions of Windows
#

---------------  S U M M A R Y ------------

Command Line: --add-opens=java.base/java.util=ALL-UNNAMED --add-opens=java.base/java.lang=ALL-UNNAMED --add-opens=java.base/java.lang.invoke=ALL-UNNAMED --add-opens=java.base/java.util=ALL-UNNAMED --add-opens=java.prefs/java.util.prefs=ALL-UNNAMED --add-opens=java.prefs/java.util.prefs=ALL-UNNAMED --add-opens=java.base/java.nio.charset=ALL-UNNAMED --add-opens=java.base/java.net=ALL-UNNAMED --add-opens=java.base/java.util.concurrent.atomic=ALL-UNNAMED -Xmx2048m -Dfile.encoding=UTF-8 -Duser.country=US -Duser.language=en -Duser.variant org.gradle.launcher.daemon.bootstrap.GradleDaemon 7.5

Host: Intel(R) Core(TM) i5-1035G1 CPU @ 1.00GHz, 8 cores, 11G,  Windows 11 , 64 bit Build 22621 (10.0.22621.2215)
Time: Sun Oct  1 00:07:48 2023 SE Asia Standard Time elapsed time: 10.771581 seconds (0d 0h 0m 10s)

---------------  T H R E A D  ---------------

Current thread (0x000001f7bb107000):  JavaThread "C2 CompilerThread0" daemon [_thread_in_native, id=50524, stack(0x000000d9f9800000,0x000000d9f9900000)]


Current CompileTask:
C2:  10771 2045       4       java.net.URLClassLoader$1::run (5 bytes)

Stack: [0x000000d9f9800000,0x000000d9f9900000]
Native frames: (J=compiled Java code, j=interpreted, Vv=VM code, C=native code)
V  [jvm.dll+0x64135a]
V  [jvm.dll+0x7d39f9]
V  [jvm.dll+0x7d51b9]
V  [jvm.dll+0x7d58a3]
V  [jvm.dll+0x2691c5]
V  [jvm.dll+0xc1a5c]
V  [jvm.dll+0xc200c]
V  [jvm.dll+0x3774a7]
V  [jvm.dll+0x342495]
V  [jvm.dll+0x34186a]
V  [jvm.dll+0x2214bd]
V  [jvm.dll+0x220498]
V  [jvm.dll+0x19e851]
V  [jvm.dll+0x230479]
V  [jvm.dll+0x22e5ef]
V  [jvm.dll+0x794de1]
V  [jvm.dll+0x78dc24]
V  [jvm.dll+0x6400f6]
C  [ucrtbase.dll+0x29363]
C  [KERNEL32.DLL+0x1257d]
C  [ntdll.dll+0x5aa68]


---------------  P R O C E S S  ---------------

Threads class SMR info:
_java_thread_list=0x000001f7bd960720, length=23, elements={
0x000001f79e21e000, 0x000001f7ba884800, 0x000001f7ba87b800, 0x000001f7bb101800,
0x000001f7bb102800, 0x000001f7bb103800, 0x000001f7bb107000, 0x000001f7bb10b000,
0x000001f7ba88e000, 0x000001f7bb274800, 0x000001f7bd836000, 0x000001f7bd571000,
0x000001f7bdd7d800, 0x000001f7be574800, 0x000001f7bb489800, 0x000001f7be45d800,
0x000001f7bd1b6800, 0x000001f7bc712000, 0x000001f7bdf27000, 0x000001f7bc7d2800,
0x000001f7bd0ae800, 0x000001f7bd0ac000, 0x000001f7bd0ad000
}

Java Threads: ( => current thread )
  0x000001f79e21e000 JavaThread "main" [_thread_blocked, id=28660, stack(0x000000d9f8c00000,0x000000d9f8d00000)]
  0x000001f7ba884800 JavaThread "Reference Handler" daemon [_thread_blocked, id=29964, stack(0x000000d9f9300000,0x000000d9f9400000)]
  0x000001f7ba87b800 JavaThread "Finalizer" daemon [_thread_blocked, id=45000, stack(0x000000d9f9400000,0x000000d9f9500000)]
  0x000001f7bb101800 JavaThread "Signal Dispatcher" daemon [_thread_blocked, id=18404, stack(0x000000d9f9500000,0x000000d9f9600000)]
  0x000001f7bb102800 JavaThread "Attach Listener" daemon [_thread_blocked, id=3660, stack(0x000000d9f9600000,0x000000d9f9700000)]
  0x000001f7bb103800 JavaThread "Service Thread" daemon [_thread_blocked, id=49064, stack(0x000000d9f9700000,0x000000d9f9800000)]
=>0x000001f7bb107000 JavaThread "C2 CompilerThread0" daemon [_thread_in_native, id=50524, stack(0x000000d9f9800000,0x000000d9f9900000)]
  0x000001f7bb10b000 JavaThread "C1 CompilerThread0" daemon [_thread_blocked, id=15940, stack(0x000000d9f9900000,0x000000d9f9a00000)]
  0x000001f7ba88e000 JavaThread "Sweeper thread" daemon [_thread_blocked, id=41900, stack(0x000000d9f9a00000,0x000000d9f9b00000)]
  0x000001f7bb274800 JavaThread "Common-Cleaner" daemon [_thread_blocked, id=9976, stack(0x000000d9f9b00000,0x000000d9f9c00000)]
  0x000001f7bd836000 JavaThread "Daemon health stats" [_thread_blocked, id=44780, stack(0x000000d9fa100000,0x000000d9fa200000)]
  0x000001f7bd571000 JavaThread "Incoming local TCP Connector on port 56171" [_thread_in_native, id=16280, stack(0x000000d9f9d00000,0x000000d9f9e00000)]
  0x000001f7bdd7d800 JavaThread "Daemon periodic checks" [_thread_blocked, id=35008, stack(0x000000d9fa200000,0x000000d9fa300000)]
  0x000001f7be574800 JavaThread "Daemon" [_thread_blocked, id=27904, stack(0x000000d9fa300000,0x000000d9fa400000)]
  0x000001f7bb489800 JavaThread "Handler for socket connection from /127.0.0.1:56171 to /127.0.0.1:56172" [_thread_in_native, id=44684, stack(0x000000d9fa400000,0x000000d9fa500000)]
  0x000001f7be45d800 JavaThread "Cancel handler" [_thread_blocked, id=45920, stack(0x000000d9fa500000,0x000000d9fa600000)]
  0x000001f7bd1b6800 JavaThread "Daemon worker" [_thread_in_vm, id=34516, stack(0x000000d9fa600000,0x000000d9fa700000)]
  0x000001f7bc712000 JavaThread "Asynchronous log dispatcher for DefaultDaemonConnection: socket connection from /127.0.0.1:56171 to /127.0.0.1:56172" [_thread_blocked, id=16944, stack(0x000000d9fa700000,0x000000d9fa800000)]
  0x000001f7bdf27000 JavaThread "Stdin handler" [_thread_blocked, id=44532, stack(0x000000d9fa800000,0x000000d9fa900000)]
  0x000001f7bc7d2800 JavaThread "Daemon client event forwarder" [_thread_blocked, id=30460, stack(0x000000d9fa900000,0x000000d9faa00000)]
  0x000001f7bd0ae800 JavaThread "Cache worker for journal cache (C:\Users\ltphi\.gradle\caches\journal-1)" [_thread_blocked, id=10344, stack(0x000000d9faa00000,0x000000d9fab00000)]
  0x000001f7bd0ac000 JavaThread "File lock request listener" [_thread_in_native, id=32308, stack(0x000000d9fab00000,0x000000d9fac00000)]
  0x000001f7bd0ad000 JavaThread "Cache worker for file hash cache (C:\Users\ltphi\.gradle\caches\7.5\fileHashes)" [_thread_blocked, id=54236, stack(0x000000d9fac00000,0x000000d9fad00000)]

Other Threads:
  0x000001f7bb0b6800 VMThread "VM Thread" [stack: 0x000000d9f9200000,0x000000d9f9300000] [id=20692]
  0x000001f7bb27f800 WatcherThread [stack: 0x000000d9f9c00000,0x000000d9f9d00000] [id=18412]
  0x000001f7a03c9800 GCTaskThread "GC Thread#0" [stack: 0x000000d9f8d00000,0x000000d9f8e00000] [id=27104]
  0x000001f7bbd8e800 GCTaskThread "GC Thread#1" [stack: 0x000000d9f9e00000,0x000000d9f9f00000] [id=1716]
  0x000001f7bc1db800 GCTaskThread "GC Thread#2" [stack: 0x000000d9f9f00000,0x000000d9fa000000] [id=32600]
  0x000001f7bc537000 GCTaskThread "GC Thread#3" [stack: 0x000000d9fa000000,0x000000d9fa100000] [id=46048]
  0x000001f7bc121800 GCTaskThread "GC Thread#4" [stack: 0x000000d9fad00000,0x000000d9fae00000] [id=16020]
  0x000001f7bd85c800 GCTaskThread "GC Thread#5" [stack: 0x000000d9fae00000,0x000000d9faf00000] [id=23180]
  0x000001f7bd7a1000 GCTaskThread "GC Thread#6" [stack: 0x000000d9faf00000,0x000000d9fb000000] [id=4764]
  0x000001f7bd0a3000 GCTaskThread "GC Thread#7" [stack: 0x000000d9fb000000,0x000000d9fb100000] [id=37776]
  0x000001f7a03fc000 ConcurrentGCThread "G1 Main Marker" [stack: 0x000000d9f8e00000,0x000000d9f8f00000] [id=42492]
  0x000001f7a03fd800 ConcurrentGCThread "G1 Conc#0" [stack: 0x000000d9f8f00000,0x000000d9f9000000] [id=27804]
  0x000001f7bc1fd800 ConcurrentGCThread "G1 Conc#1" [stack: 0x000000d9fb100000,0x000000d9fb200000] [id=52144]
  0x000001f7a047e000 ConcurrentGCThread "G1 Refine#0" [stack: 0x000000d9f9000000,0x000000d9f9100000] [id=38464]
  0x000001f7ba6ea800 ConcurrentGCThread "G1 Young RemSet Sampling" [stack: 0x000000d9f9100000,0x000000d9f9200000] [id=21704]

Threads with active compile tasks:
C2 CompilerThread0    10837 2045       4       java.net.URLClassLoader$1::run (5 bytes)

VM state:not at safepoint (normal execution)

VM Mutex/Monitor currently owned by a thread: None

Heap address: 0x0000000080000000, size: 2048 MB, Compressed Oops mode: 32-bit
Narrow klass base: 0x0000000000000000, Narrow klass shift: 3
Compressed class space size: 1073741824 Address: 0x0000000100000000

Heap:
 garbage-first heap   total 194560K, used 40759K [0x0000000080000000, 0x0000000100000000)
  region size 1024K, 35 young (35840K), 11 survivors (11264K)
 Metaspace       used 22914K, capacity 23440K, committed 23600K, reserved 1069056K
  class space    used 2890K, capacity 3101K, committed 3200K, reserved 1048576K
Heap Regions: E=young(eden), S=young(survivor), O=old, HS=humongous(starts), HC=humongous(continues), CS=collection set, F=free, A=archive, TAMS=top-at-mark-start (previous, next)
|   0|0x0000000080000000, 0x0000000080000000, 0x0000000080100000|  0%| F|  |TAMS 0x0000000080000000, 0x0000000080000000| Untracked 
|   1|0x0000000080100000, 0x0000000080100000, 0x0000000080200000|  0%| F|  |TAMS 0x0000000080100000, 0x0000000080100000| Untracked 
|   2|0x0000000080200000, 0x0000000080200000, 0x0000000080300000|  0%| F|  |TAMS 0x0000000080200000, 0x0000000080200000| Untracked 
|   3|0x0000000080300000, 0x0000000080400000, 0x0000000080400000|100%|HS|  |TAMS 0x0000000080400000, 0x0000000080300000| Complete 
|   4|0x0000000080400000, 0x0000000080500000, 0x0000000080500000|100%|HC|  |TAMS 0x0000000080500000, 0x0000000080400000| Complete 
|   5|0x0000000080500000, 0x0000000080600000, 0x0000000080600000|100%|HC|  |TAMS 0x0000000080600000, 0x0000000080500000| Complete 
|   6|0x0000000080600000, 0x0000000080700000, 0x0000000080700000|100%| O|  |TAMS 0x0000000080700000, 0x0000000080600000| Untracked 
|   7|0x0000000080700000, 0x0000000080800000, 0x0000000080800000|100%| O|  |TAMS 0x0000000080800000, 0x0000000080700000| Untracked 
|   8|0x0000000080800000, 0x0000000080900000, 0x0000000080900000|100%| O|  |TAMS 0x0000000080900000, 0x0000000080800000| Untracked 
|   9|0x0000000080900000, 0x0000000080924c00, 0x0000000080a00000| 14%| O|  |TAMS 0x0000000080924c00, 0x0000000080900000| Untracked 
|  10|0x0000000080a00000, 0x0000000080a00000, 0x0000000080b00000|  0%| F|  |TAMS 0x0000000080a00000, 0x0000000080a00000| Untracked 
|  11|0x0000000080b00000, 0x0000000080b00000, 0x0000000080c00000|  0%| F|  |TAMS 0x0000000080b00000, 0x0000000080b00000| Untracked 
|  12|0x0000000080c00000, 0x0000000080c00000, 0x0000000080d00000|  0%| F|  |TAMS 0x0000000080c00000, 0x0000000080c00000| Untracked 
|  13|0x0000000080d00000, 0x0000000080d00000, 0x0000000080e00000|  0%| F|  |TAMS 0x0000000080d00000, 0x0000000080d00000| Untracked 
|  14|0x0000000080e00000, 0x0000000080e00000, 0x0000000080f00000|  0%| F|  |TAMS 0x0000000080e00000, 0x0000000080e00000| Untracked 
|  15|0x0000000080f00000, 0x0000000080f00000, 0x0000000081000000|  0%| F|  |TAMS 0x0000000080f00000, 0x0000000080f00000| Untracked 
|  16|0x0000000081000000, 0x0000000081000000, 0x0000000081100000|  0%| F|  |TAMS 0x0000000081000000, 0x0000000081000000| Untracked 
|  17|0x0000000081100000, 0x0000000081100000, 0x0000000081200000|  0%| F|  |TAMS 0x0000000081100000, 0x0000000081100000| Untracked 
|  18|0x0000000081200000, 0x0000000081200000, 0x0000000081300000|  0%| F|  |TAMS 0x0000000081200000, 0x0000000081200000| Untracked 
|  19|0x0000000081300000, 0x0000000081300000, 0x0000000081400000|  0%| F|  |TAMS 0x0000000081300000, 0x0000000081300000| Untracked 
|  20|0x0000000081400000, 0x0000000081400000, 0x0000000081500000|  0%| F|  |TAMS 0x0000000081400000, 0x0000000081400000| Untracked 
|  21|0x0000000081500000, 0x0000000081500000, 0x0000000081600000|  0%| F|  |TAMS 0x0000000081500000, 0x0000000081500000| Untracked 
|  22|0x0000000081600000, 0x0000000081600000, 0x0000000081700000|  0%| F|  |TAMS 0x0000000081600000, 0x0000000081600000| Untracked 
|  23|0x0000000081700000, 0x0000000081700000, 0x0000000081800000|  0%| F|  |TAMS 0x0000000081700000, 0x0000000081700000| Untracked 
|  24|0x0000000081800000, 0x0000000081800000, 0x0000000081900000|  0%| F|  |TAMS 0x0000000081800000, 0x0000000081800000| Untracked 
|  25|0x0000000081900000, 0x0000000081900000, 0x0000000081a00000|  0%| F|  |TAMS 0x0000000081900000, 0x0000000081900000| Untracked 
|  26|0x0000000081a00000, 0x0000000081a00000, 0x0000000081b00000|  0%| F|  |TAMS 0x0000000081a00000, 0x0000000081a00000| Untracked 
|  27|0x0000000081b00000, 0x0000000081b00000, 0x0000000081c00000|  0%| F|  |TAMS 0x0000000081b00000, 0x0000000081b00000| Untracked 
|  28|0x0000000081c00000, 0x0000000081c00000, 0x0000000081d00000|  0%| F|  |TAMS 0x0000000081c00000, 0x0000000081c00000| Untracked 
|  29|0x0000000081d00000, 0x0000000081d00000, 0x0000000081e00000|  0%| F|  |TAMS 0x0000000081d00000, 0x0000000081d00000| Untracked 
|  30|0x0000000081e00000, 0x0000000081e00000, 0x0000000081f00000|  0%| F|  |TAMS 0x0000000081e00000, 0x0000000081e00000| Untracked 
|  31|0x0000000081f00000, 0x0000000081f00000, 0x0000000082000000|  0%| F|  |TAMS 0x0000000081f00000, 0x0000000081f00000| Untracked 
|  32|0x0000000082000000, 0x0000000082000000, 0x0000000082100000|  0%| F|  |TAMS 0x0000000082000000, 0x0000000082000000| Untracked 
|  33|0x0000000082100000, 0x0000000082100000, 0x0000000082200000|  0%| F|  |TAMS 0x0000000082100000, 0x0000000082100000| Untracked 
|  34|0x0000000082200000, 0x0000000082200000, 0x0000000082300000|  0%| F|  |TAMS 0x0000000082200000, 0x0000000082200000| Untracked 
|  35|0x0000000082300000, 0x0000000082300000, 0x0000000082400000|  0%| F|  |TAMS 0x0000000082300000, 0x0000000082300000| Untracked 
|  36|0x0000000082400000, 0x0000000082400000, 0x0000000082500000|  0%| F|  |TAMS 0x0000000082400000, 0x0000000082400000| Untracked 
|  37|0x0000000082500000, 0x0000000082500000, 0x0000000082600000|  0%| F|  |TAMS 0x0000000082500000, 0x0000000082500000| Untracked 
|  38|0x0000000082600000, 0x0000000082600000, 0x0000000082700000|  0%| F|  |TAMS 0x0000000082600000, 0x0000000082600000| Untracked 
|  39|0x0000000082700000, 0x0000000082700000, 0x0000000082800000|  0%| F|  |TAMS 0x0000000082700000, 0x0000000082700000| Untracked 
|  40|0x0000000082800000, 0x0000000082800000, 0x0000000082900000|  0%| F|  |TAMS 0x0000000082800000, 0x0000000082800000| Untracked 
|  41|0x0000000082900000, 0x0000000082900000, 0x0000000082a00000|  0%| F|  |TAMS 0x0000000082900000, 0x0000000082900000| Untracked 
|  42|0x0000000082a00000, 0x0000000082a00000, 0x0000000082b00000|  0%| F|  |TAMS 0x0000000082a00000, 0x0000000082a00000| Untracked 
|  43|0x0000000082b00000, 0x0000000082b00000, 0x0000000082c00000|  0%| F|  |TAMS 0x0000000082b00000, 0x0000000082b00000| Untracked 
|  44|0x0000000082c00000, 0x0000000082c00000, 0x0000000082d00000|  0%| F|  |TAMS 0x0000000082c00000, 0x0000000082c00000| Untracked 
|  45|0x0000000082d00000, 0x0000000082d00000, 0x0000000082e00000|  0%| F|  |TAMS 0x0000000082d00000, 0x0000000082d00000| Untracked 
|  46|0x0000000082e00000, 0x0000000082e00000, 0x0000000082f00000|  0%| F|  |TAMS 0x0000000082e00000, 0x0000000082e00000| Untracked 
|  47|0x0000000082f00000, 0x0000000082f00000, 0x0000000083000000|  0%| F|  |TAMS 0x0000000082f00000, 0x0000000082f00000| Untracked 
|  48|0x0000000083000000, 0x0000000083000000, 0x0000000083100000|  0%| F|  |TAMS 0x0000000083000000, 0x0000000083000000| Untracked 
|  49|0x0000000083100000, 0x0000000083100000, 0x0000000083200000|  0%| F|  |TAMS 0x0000000083100000, 0x0000000083100000| Untracked 
|  50|0x0000000083200000, 0x0000000083200000, 0x0000000083300000|  0%| F|  |TAMS 0x0000000083200000, 0x0000000083200000| Untracked 
|  51|0x0000000083300000, 0x0000000083300000, 0x0000000083400000|  0%| F|  |TAMS 0x0000000083300000, 0x0000000083300000| Untracked 
|  52|0x0000000083400000, 0x0000000083400000, 0x0000000083500000|  0%| F|  |TAMS 0x0000000083400000, 0x0000000083400000| Untracked 
|  53|0x0000000083500000, 0x0000000083500000, 0x0000000083600000|  0%| F|  |TAMS 0x0000000083500000, 0x0000000083500000| Untracked 
|  54|0x0000000083600000, 0x0000000083600000, 0x0000000083700000|  0%| F|  |TAMS 0x0000000083600000, 0x0000000083600000| Untracked 
|  55|0x0000000083700000, 0x0000000083700000, 0x0000000083800000|  0%| F|  |TAMS 0x0000000083700000, 0x0000000083700000| Untracked 
|  56|0x0000000083800000, 0x0000000083800000, 0x0000000083900000|  0%| F|  |TAMS 0x0000000083800000, 0x0000000083800000| Untracked 
|  57|0x0000000083900000, 0x0000000083900000, 0x0000000083a00000|  0%| F|  |TAMS 0x0000000083900000, 0x0000000083900000| Untracked 
|  58|0x0000000083a00000, 0x0000000083a00000, 0x0000000083b00000|  0%| F|  |TAMS 0x0000000083a00000, 0x0000000083a00000| Untracked 
|  59|0x0000000083b00000, 0x0000000083b00000, 0x0000000083c00000|  0%| F|  |TAMS 0x0000000083b00000, 0x0000000083b00000| Untracked 
|  60|0x0000000083c00000, 0x0000000083c00000, 0x0000000083d00000|  0%| F|  |TAMS 0x0000000083c00000, 0x0000000083c00000| Untracked 
|  61|0x0000000083d00000, 0x0000000083d00000, 0x0000000083e00000|  0%| F|  |TAMS 0x0000000083d00000, 0x0000000083d00000| Untracked 
|  62|0x0000000083e00000, 0x0000000083e00000, 0x0000000083f00000|  0%| F|  |TAMS 0x0000000083e00000, 0x0000000083e00000| Untracked 
|  63|0x0000000083f00000, 0x0000000083f00000, 0x0000000084000000|  0%| F|  |TAMS 0x0000000083f00000, 0x0000000083f00000| Untracked 
|  64|0x0000000084000000, 0x0000000084000000, 0x0000000084100000|  0%| F|  |TAMS 0x0000000084000000, 0x0000000084000000| Untracked 
|  65|0x0000000084100000, 0x0000000084100000, 0x0000000084200000|  0%| F|  |TAMS 0x0000000084100000, 0x0000000084100000| Untracked 
|  66|0x0000000084200000, 0x0000000084200000, 0x0000000084300000|  0%| F|  |TAMS 0x0000000084200000, 0x0000000084200000| Untracked 
|  67|0x0000000084300000, 0x0000000084300000, 0x0000000084400000|  0%| F|  |TAMS 0x0000000084300000, 0x0000000084300000| Untracked 
|  68|0x0000000084400000, 0x0000000084400000, 0x0000000084500000|  0%| F|  |TAMS 0x0000000084400000, 0x0000000084400000| Untracked 
|  69|0x0000000084500000, 0x0000000084500000, 0x0000000084600000|  0%| F|  |TAMS 0x0000000084500000, 0x0000000084500000| Untracked 
|  70|0x0000000084600000, 0x0000000084600000, 0x0000000084700000|  0%| F|  |TAMS 0x0000000084600000, 0x0000000084600000| Untracked 
|  71|0x0000000084700000, 0x0000000084700000, 0x0000000084800000|  0%| F|  |TAMS 0x0000000084700000, 0x0000000084700000| Untracked 
|  72|0x0000000084800000, 0x0000000084800000, 0x0000000084900000|  0%| F|  |TAMS 0x0000000084800000, 0x0000000084800000| Untracked 
|  73|0x0000000084900000, 0x0000000084900000, 0x0000000084a00000|  0%| F|  |TAMS 0x0000000084900000, 0x0000000084900000| Untracked 
|  74|0x0000000084a00000, 0x0000000084a00000, 0x0000000084b00000|  0%| F|  |TAMS 0x0000000084a00000, 0x0000000084a00000| Untracked 
|  75|0x0000000084b00000, 0x0000000084b00000, 0x0000000084c00000|  0%| F|  |TAMS 0x0000000084b00000, 0x0000000084b00000| Untracked 
|  76|0x0000000084c00000, 0x0000000084c00000, 0x0000000084d00000|  0%| F|  |TAMS 0x0000000084c00000, 0x0000000084c00000| Untracked 
|  77|0x0000000084d00000, 0x0000000084d00000, 0x0000000084e00000|  0%| F|  |TAMS 0x0000000084d00000, 0x0000000084d00000| Untracked 
|  78|0x0000000084e00000, 0x0000000084e00000, 0x0000000084f00000|  0%| F|  |TAMS 0x0000000084e00000, 0x0000000084e00000| Untracked 
|  79|0x0000000084f00000, 0x0000000084fa90c0, 0x0000000085000000| 66%| S|CS|TAMS 0x0000000084f00000, 0x0000000084f00000| Complete 
|  80|0x0000000085000000, 0x0000000085100000, 0x0000000085100000|100%| S|CS|TAMS 0x0000000085000000, 0x0000000085000000| Complete 
|  81|0x0000000085100000, 0x0000000085200000, 0x0000000085200000|100%| S|CS|TAMS 0x0000000085100000, 0x0000000085100000| Complete 
|  82|0x0000000085200000, 0x0000000085300000, 0x0000000085300000|100%| S|CS|TAMS 0x0000000085200000, 0x0000000085200000| Complete 
|  83|0x0000000085300000, 0x0000000085400000, 0x0000000085400000|100%| S|CS|TAMS 0x0000000085300000, 0x0000000085300000| Complete 
|  84|0x0000000085400000, 0x0000000085500000, 0x0000000085500000|100%| S|CS|TAMS 0x0000000085400000, 0x0000000085400000| Complete 
|  85|0x0000000085500000, 0x0000000085600000, 0x0000000085600000|100%| S|CS|TAMS 0x0000000085500000, 0x0000000085500000| Complete 
|  86|0x0000000085600000, 0x0000000085700000, 0x0000000085700000|100%| S|CS|TAMS 0x0000000085600000, 0x0000000085600000| Complete 
|  87|0x0000000085700000, 0x0000000085800000, 0x0000000085800000|100%| S|CS|TAMS 0x0000000085700000, 0x0000000085700000| Complete 
|  88|0x0000000085800000, 0x0000000085900000, 0x0000000085900000|100%| S|CS|TAMS 0x0000000085800000, 0x0000000085800000| Complete 
|  89|0x0000000085900000, 0x0000000085a00000, 0x0000000085a00000|100%| S|CS|TAMS 0x0000000085900000, 0x0000000085900000| Complete 
|  90|0x0000000085a00000, 0x0000000085a00000, 0x0000000085b00000|  0%| F|  |TAMS 0x0000000085a00000, 0x0000000085a00000| Untracked 
|  91|0x0000000085b00000, 0x0000000085b00000, 0x0000000085c00000|  0%| F|  |TAMS 0x0000000085b00000, 0x0000000085b00000| Untracked 
|  92|0x0000000085c00000, 0x0000000085c00000, 0x0000000085d00000|  0%| F|  |TAMS 0x0000000085c00000, 0x0000000085c00000| Untracked 
|  93|0x0000000085d00000, 0x0000000085d00000, 0x0000000085e00000|  0%| F|  |TAMS 0x0000000085d00000, 0x0000000085d00000| Untracked 
|  94|0x0000000085e00000, 0x0000000085e00000, 0x0000000085f00000|  0%| F|  |TAMS 0x0000000085e00000, 0x0000000085e00000| Untracked 
|  95|0x0000000085f00000, 0x0000000085f00000, 0x0000000086000000|  0%| F|  |TAMS 0x0000000085f00000, 0x0000000085f00000| Untracked 
|  96|0x0000000086000000, 0x0000000086000000, 0x0000000086100000|  0%| F|  |TAMS 0x0000000086000000, 0x0000000086000000| Untracked 
|  97|0x0000000086100000, 0x0000000086100000, 0x0000000086200000|  0%| F|  |TAMS 0x0000000086100000, 0x0000000086100000| Untracked 
|  98|0x0000000086200000, 0x0000000086200000, 0x0000000086300000|  0%| F|  |TAMS 0x0000000086200000, 0x0000000086200000| Untracked 
|  99|0x0000000086300000, 0x0000000086300000, 0x0000000086400000|  0%| F|  |TAMS 0x0000000086300000, 0x0000000086300000| Untracked 
| 100|0x0000000086400000, 0x0000000086400000, 0x0000000086500000|  0%| F|  |TAMS 0x0000000086400000, 0x0000000086400000| Untracked 
| 101|0x0000000086500000, 0x0000000086500000, 0x0000000086600000|  0%| F|  |TAMS 0x0000000086500000, 0x0000000086500000| Untracked 
| 102|0x0000000086600000, 0x0000000086600000, 0x0000000086700000|  0%| F|  |TAMS 0x0000000086600000, 0x0000000086600000| Untracked 
| 103|0x0000000086700000, 0x0000000086700000, 0x0000000086800000|  0%| F|  |TAMS 0x0000000086700000, 0x0000000086700000| Untracked 
| 104|0x0000000086800000, 0x0000000086800000, 0x0000000086900000|  0%| F|  |TAMS 0x0000000086800000, 0x0000000086800000| Untracked 
| 105|0x0000000086900000, 0x0000000086900000, 0x0000000086a00000|  0%| F|  |TAMS 0x0000000086900000, 0x0000000086900000| Untracked 
| 106|0x0000000086a00000, 0x0000000086a00000, 0x0000000086b00000|  0%| F|  |TAMS 0x0000000086a00000, 0x0000000086a00000| Untracked 
| 107|0x0000000086b00000, 0x0000000086b00000, 0x0000000086c00000|  0%| F|  |TAMS 0x0000000086b00000, 0x0000000086b00000| Untracked 
| 108|0x0000000086c00000, 0x0000000086c00000, 0x0000000086d00000|  0%| F|  |TAMS 0x0000000086c00000, 0x0000000086c00000| Untracked 
| 109|0x0000000086d00000, 0x0000000086d00000, 0x0000000086e00000|  0%| F|  |TAMS 0x0000000086d00000, 0x0000000086d00000| Untracked 
| 110|0x0000000086e00000, 0x0000000086e00000, 0x0000000086f00000|  0%| F|  |TAMS 0x0000000086e00000, 0x0000000086e00000| Untracked 
| 111|0x0000000086f00000, 0x0000000086f00000, 0x0000000087000000|  0%| F|  |TAMS 0x0000000086f00000, 0x0000000086f00000| Untracked 
| 112|0x0000000087000000, 0x0000000087000000, 0x0000000087100000|  0%| F|  |TAMS 0x0000000087000000, 0x0000000087000000| Untracked 
| 113|0x0000000087100000, 0x0000000087100000, 0x0000000087200000|  0%| F|  |TAMS 0x0000000087100000, 0x0000000087100000| Untracked 
| 114|0x0000000087200000, 0x0000000087200000, 0x0000000087300000|  0%| F|  |TAMS 0x0000000087200000, 0x0000000087200000| Untracked 
| 115|0x0000000087300000, 0x0000000087300000, 0x0000000087400000|  0%| F|  |TAMS 0x0000000087300000, 0x0000000087300000| Untracked 
| 116|0x0000000087400000, 0x0000000087400000, 0x0000000087500000|  0%| F|  |TAMS 0x0000000087400000, 0x0000000087400000| Untracked 
| 117|0x0000000087500000, 0x0000000087500000, 0x0000000087600000|  0%| F|  |TAMS 0x0000000087500000, 0x0000000087500000| Untracked 
| 118|0x0000000087600000, 0x0000000087600000, 0x0000000087700000|  0%| F|  |TAMS 0x0000000087600000, 0x0000000087600000| Untracked 
| 119|0x0000000087700000, 0x0000000087700000, 0x0000000087800000|  0%| F|  |TAMS 0x0000000087700000, 0x0000000087700000| Untracked 
| 120|0x0000000087800000, 0x0000000087800000, 0x0000000087900000|  0%| F|  |TAMS 0x0000000087800000, 0x0000000087800000| Untracked 
| 121|0x0000000087900000, 0x0000000087900000, 0x0000000087a00000|  0%| F|  |TAMS 0x0000000087900000, 0x0000000087900000| Untracked 
| 122|0x0000000087a00000, 0x0000000087a00000, 0x0000000087b00000|  0%| F|  |TAMS 0x0000000087a00000, 0x0000000087a00000| Untracked 
| 123|0x0000000087b00000, 0x0000000087b00000, 0x0000000087c00000|  0%| F|  |TAMS 0x0000000087b00000, 0x0000000087b00000| Untracked 
| 124|0x0000000087c00000, 0x0000000087c00000, 0x0000000087d00000|  0%| F|  |TAMS 0x0000000087c00000, 0x0000000087c00000| Untracked 
| 125|0x0000000087d00000, 0x0000000087d00000, 0x0000000087e00000|  0%| F|  |TAMS 0x0000000087d00000, 0x0000000087d00000| Untracked 
| 126|0x0000000087e00000, 0x0000000087e00000, 0x0000000087f00000|  0%| F|  |TAMS 0x0000000087e00000, 0x0000000087e00000| Untracked 
| 127|0x0000000087f00000, 0x0000000087f00000, 0x0000000088000000|  0%| F|  |TAMS 0x0000000087f00000, 0x0000000087f00000| Untracked 
| 128|0x0000000088000000, 0x0000000088000000, 0x0000000088100000|  0%| F|  |TAMS 0x0000000088000000, 0x0000000088000000| Untracked 
| 129|0x0000000088100000, 0x0000000088100000, 0x0000000088200000|  0%| F|  |TAMS 0x0000000088100000, 0x0000000088100000| Untracked 
| 130|0x0000000088200000, 0x0000000088200000, 0x0000000088300000|  0%| F|  |TAMS 0x0000000088200000, 0x0000000088200000| Untracked 
| 131|0x0000000088300000, 0x0000000088300000, 0x0000000088400000|  0%| F|  |TAMS 0x0000000088300000, 0x0000000088300000| Untracked 
| 132|0x0000000088400000, 0x0000000088400000, 0x0000000088500000|  0%| F|  |TAMS 0x0000000088400000, 0x0000000088400000| Untracked 
| 133|0x0000000088500000, 0x0000000088500000, 0x0000000088600000|  0%| F|  |TAMS 0x0000000088500000, 0x0000000088500000| Untracked 
| 134|0x0000000088600000, 0x0000000088600000, 0x0000000088700000|  0%| F|  |TAMS 0x0000000088600000, 0x0000000088600000| Untracked 
| 135|0x0000000088700000, 0x0000000088700000, 0x0000000088800000|  0%| F|  |TAMS 0x0000000088700000, 0x0000000088700000| Untracked 
| 136|0x0000000088800000, 0x0000000088800000, 0x0000000088900000|  0%| F|  |TAMS 0x0000000088800000, 0x0000000088800000| Untracked 
| 137|0x0000000088900000, 0x0000000088900000, 0x0000000088a00000|  0%| F|  |TAMS 0x0000000088900000, 0x0000000088900000| Untracked 
| 138|0x0000000088a00000, 0x0000000088a00000, 0x0000000088b00000|  0%| F|  |TAMS 0x0000000088a00000, 0x0000000088a00000| Untracked 
| 139|0x0000000088b00000, 0x0000000088b00000, 0x0000000088c00000|  0%| F|  |TAMS 0x0000000088b00000, 0x0000000088b00000| Untracked 
| 140|0x0000000088c00000, 0x0000000088c00000, 0x0000000088d00000|  0%| F|  |TAMS 0x0000000088c00000, 0x0000000088c00000| Untracked 
| 141|0x0000000088d00000, 0x0000000088d00000, 0x0000000088e00000|  0%| F|  |TAMS 0x0000000088d00000, 0x0000000088d00000| Untracked 
| 142|0x0000000088e00000, 0x0000000088e00000, 0x0000000088f00000|  0%| F|  |TAMS 0x0000000088e00000, 0x0000000088e00000| Untracked 
| 143|0x0000000088f00000, 0x0000000088f00000, 0x0000000089000000|  0%| F|  |TAMS 0x0000000088f00000, 0x0000000088f00000| Untracked 
| 144|0x0000000089000000, 0x0000000089000000, 0x0000000089100000|  0%| F|  |TAMS 0x0000000089000000, 0x0000000089000000| Untracked 
| 145|0x0000000089100000, 0x0000000089100000, 0x0000000089200000|  0%| F|  |TAMS 0x0000000089100000, 0x0000000089100000| Untracked 
| 146|0x0000000089200000, 0x0000000089200000, 0x0000000089300000|  0%| F|  |TAMS 0x0000000089200000, 0x0000000089200000| Untracked 
| 147|0x0000000089300000, 0x0000000089300000, 0x0000000089400000|  0%| F|  |TAMS 0x0000000089300000, 0x0000000089300000| Untracked 
| 148|0x0000000089400000, 0x0000000089400000, 0x0000000089500000|  0%| F|  |TAMS 0x0000000089400000, 0x0000000089400000| Untracked 
| 149|0x0000000089500000, 0x0000000089500000, 0x0000000089600000|  0%| F|  |TAMS 0x0000000089500000, 0x0000000089500000| Untracked 
| 150|0x0000000089600000, 0x0000000089600000, 0x0000000089700000|  0%| F|  |TAMS 0x0000000089600000, 0x0000000089600000| Untracked 
| 151|0x0000000089700000, 0x0000000089700000, 0x0000000089800000|  0%| F|  |TAMS 0x0000000089700000, 0x0000000089700000| Untracked 
| 152|0x0000000089800000, 0x0000000089800000, 0x0000000089900000|  0%| F|  |TAMS 0x0000000089800000, 0x0000000089800000| Untracked 
| 153|0x0000000089900000, 0x0000000089900000, 0x0000000089a00000|  0%| F|  |TAMS 0x0000000089900000, 0x0000000089900000| Untracked 
| 154|0x0000000089a00000, 0x0000000089a00000, 0x0000000089b00000|  0%| F|  |TAMS 0x0000000089a00000, 0x0000000089a00000| Untracked 
| 155|0x0000000089b00000, 0x0000000089b00000, 0x0000000089c00000|  0%| F|  |TAMS 0x0000000089b00000, 0x0000000089b00000| Untracked 
| 156|0x0000000089c00000, 0x0000000089c00000, 0x0000000089d00000|  0%| F|  |TAMS 0x0000000089c00000, 0x0000000089c00000| Untracked 
| 157|0x0000000089d00000, 0x0000000089d00000, 0x0000000089e00000|  0%| F|  |TAMS 0x0000000089d00000, 0x0000000089d00000| Untracked 
| 158|0x0000000089e00000, 0x0000000089e00000, 0x0000000089f00000|  0%| F|  |TAMS 0x0000000089e00000, 0x0000000089e00000| Untracked 
| 159|0x0000000089f00000, 0x0000000089f00000, 0x000000008a000000|  0%| F|  |TAMS 0x0000000089f00000, 0x0000000089f00000| Untracked 
| 160|0x000000008a000000, 0x000000008a000000, 0x000000008a100000|  0%| F|  |TAMS 0x000000008a000000, 0x000000008a000000| Untracked 
| 161|0x000000008a100000, 0x000000008a100000, 0x000000008a200000|  0%| F|  |TAMS 0x000000008a100000, 0x000000008a100000| Untracked 
| 162|0x000000008a200000, 0x000000008a200000, 0x000000008a300000|  0%| F|  |TAMS 0x000000008a200000, 0x000000008a200000| Untracked 
| 163|0x000000008a300000, 0x000000008a300000, 0x000000008a400000|  0%| F|  |TAMS 0x000000008a300000, 0x000000008a300000| Untracked 
| 164|0x000000008a400000, 0x000000008a400000, 0x000000008a500000|  0%| F|  |TAMS 0x000000008a400000, 0x000000008a400000| Untracked 
| 165|0x000000008a500000, 0x000000008a500000, 0x000000008a600000|  0%| F|  |TAMS 0x000000008a500000, 0x000000008a500000| Untracked 
| 166|0x000000008a600000, 0x000000008a700000, 0x000000008a700000|100%| E|  |TAMS 0x000000008a600000, 0x000000008a600000| Complete 
| 167|0x000000008a700000, 0x000000008a800000, 0x000000008a800000|100%| E|CS|TAMS 0x000000008a700000, 0x000000008a700000| Complete 
| 168|0x000000008a800000, 0x000000008a900000, 0x000000008a900000|100%| E|CS|TAMS 0x000000008a800000, 0x000000008a800000| Complete 
| 169|0x000000008a900000, 0x000000008aa00000, 0x000000008aa00000|100%| E|CS|TAMS 0x000000008a900000, 0x000000008a900000| Complete 
| 170|0x000000008aa00000, 0x000000008ab00000, 0x000000008ab00000|100%| E|CS|TAMS 0x000000008aa00000, 0x000000008aa00000| Complete 
| 171|0x000000008ab00000, 0x000000008ac00000, 0x000000008ac00000|100%| E|CS|TAMS 0x000000008ab00000, 0x000000008ab00000| Complete 
| 172|0x000000008ac00000, 0x000000008ad00000, 0x000000008ad00000|100%| E|CS|TAMS 0x000000008ac00000, 0x000000008ac00000| Complete 
| 173|0x000000008ad00000, 0x000000008ae00000, 0x000000008ae00000|100%| E|CS|TAMS 0x000000008ad00000, 0x000000008ad00000| Complete 
| 174|0x000000008ae00000, 0x000000008af00000, 0x000000008af00000|100%| E|CS|TAMS 0x000000008ae00000, 0x000000008ae00000| Complete 
| 175|0x000000008af00000, 0x000000008b000000, 0x000000008b000000|100%| E|CS|TAMS 0x000000008af00000, 0x000000008af00000| Complete 
| 176|0x000000008b000000, 0x000000008b100000, 0x000000008b100000|100%| E|CS|TAMS 0x000000008b000000, 0x000000008b000000| Complete 
| 177|0x000000008b100000, 0x000000008b200000, 0x000000008b200000|100%| E|CS|TAMS 0x000000008b100000, 0x000000008b100000| Complete 
| 178|0x000000008b200000, 0x000000008b300000, 0x000000008b300000|100%| E|CS|TAMS 0x000000008b200000, 0x000000008b200000| Complete 
| 179|0x000000008b300000, 0x000000008b400000, 0x000000008b400000|100%| E|CS|TAMS 0x000000008b300000, 0x000000008b300000| Complete 
| 180|0x000000008b400000, 0x000000008b500000, 0x000000008b500000|100%| E|CS|TAMS 0x000000008b400000, 0x000000008b400000| Complete 
| 181|0x000000008b500000, 0x000000008b600000, 0x000000008b600000|100%| E|CS|TAMS 0x000000008b500000, 0x000000008b500000| Complete 
| 182|0x000000008b600000, 0x000000008b700000, 0x000000008b700000|100%| E|CS|TAMS 0x000000008b600000, 0x000000008b600000| Complete 
| 183|0x000000008b700000, 0x000000008b800000, 0x000000008b800000|100%| E|CS|TAMS 0x000000008b700000, 0x000000008b700000| Complete 
| 184|0x000000008b800000, 0x000000008b900000, 0x000000008b900000|100%| E|CS|TAMS 0x000000008b800000, 0x000000008b800000| Complete 
| 185|0x000000008b900000, 0x000000008ba00000, 0x000000008ba00000|100%| E|CS|TAMS 0x000000008b900000, 0x000000008b900000| Complete 
| 186|0x000000008ba00000, 0x000000008bb00000, 0x000000008bb00000|100%| E|CS|TAMS 0x000000008ba00000, 0x000000008ba00000| Complete 
| 187|0x000000008bb00000, 0x000000008bc00000, 0x000000008bc00000|100%| E|CS|TAMS 0x000000008bb00000, 0x000000008bb00000| Complete 
| 188|0x000000008bc00000, 0x000000008bd00000, 0x000000008bd00000|100%| E|CS|TAMS 0x000000008bc00000, 0x000000008bc00000| Complete 
| 189|0x000000008bd00000, 0x000000008be00000, 0x000000008be00000|100%| E|CS|TAMS 0x000000008bd00000, 0x000000008bd00000| Complete 

Card table byte_map: [0x000001f7b3600000,0x000001f7b3a00000] _byte_map_base: 0x000001f7b3200000

Marking Bits (Prev, Next): (CMBitMap*) 0x000001f7a03f3680, (CMBitMap*) 0x000001f7a03f3648
 Prev Bits: [0x000001f7b5e00000, 0x000001f7b7e00000)
 Next Bits: [0x000001f7b3e00000, 0x000001f7b5e00000)

Polling page: 0x000001f79fb80000

Metaspace:

Usage:
  Non-class:     19.86 MB capacity,    19.56 MB ( 98%) used,   275.70 KB (  1%) free+waste,    38.94 KB ( <1%) overhead. 
      Class:      3.03 MB capacity,     2.82 MB ( 93%) used,   191.47 KB (  6%) free+waste,    19.38 KB ( <1%) overhead. 
       Both:     22.89 MB capacity,    22.38 MB ( 98%) used,   467.17 KB (  2%) free+waste,    58.31 KB ( <1%) overhead. 

Virtual space:
  Non-class space:       20.00 MB reserved,      19.92 MB (>99%) committed 
      Class space:        1.00 GB reserved,       3.12 MB ( <1%) committed 
             Both:        1.02 GB reserved,      23.05 MB (  2%) committed 

Chunk freelists:
   Non-Class:  13.00 KB
       Class:  3.00 KB
        Both:  16.00 KB

MaxMetaspaceSize: 17179869184.00 GB
CompressedClassSpaceSize: 1.00 GB
Initial GC threshold: 20.80 MB
Current GC threshold: 35.08 MB
CDS: off

CodeHeap 'non-profiled nmethods': size=120000Kb used=1114Kb max_used=1114Kb free=118885Kb
 bounds [0x000001f7ab9a0000, 0x000001f7abc10000, 0x000001f7b2ed0000]
CodeHeap 'profiled nmethods': size=120000Kb used=4341Kb max_used=4341Kb free=115658Kb
 bounds [0x000001f7a4470000, 0x000001f7a48b0000, 0x000001f7ab9a0000]
CodeHeap 'non-nmethods': size=5760Kb used=1226Kb max_used=1261Kb free=4533Kb
 bounds [0x000001f7a3ed0000, 0x000001f7a4140000, 0x000001f7a4470000]
 total_blobs=2555 nmethods=2070 adapters=397
 compilation: enabled
              stopped_count=0, restarted_count=0
 full_count=0

Compilation events (20 events):
Event: 10.762 Thread 0x000001f7bb10b000 2064       3       sun.reflect.generics.parser.SignatureParser::init (16 bytes)
Event: 10.762 Thread 0x000001f7bb10b000 nmethod 2064 0x000001f7a48aa190 code [0x000001f7a48aa340, 0x000001f7a48aa498]
Event: 10.762 Thread 0x000001f7bb10b000 2065       3       sun.reflect.generics.factory.CoreReflectionFactory::make (10 bytes)
Event: 10.762 Thread 0x000001f7bb10b000 nmethod 2065 0x000001f7a48aa510 code [0x000001f7a48aa6e0, 0x000001f7a48aa998]
Event: 10.762 Thread 0x000001f7bb10b000 2066       3       sun.reflect.generics.factory.CoreReflectionFactory::<init> (15 bytes)
Event: 10.762 Thread 0x000001f7bb10b000 nmethod 2066 0x000001f7a48aaa90 code [0x000001f7a48aac40, 0x000001f7a48aae58]
Event: 10.763 Thread 0x000001f7bb10b000 2067       3       jdk.internal.misc.SharedSecrets::getJavaLangAccess (4 bytes)
Event: 10.763 Thread 0x000001f7bb10b000 nmethod 2067 0x000001f7a48aaf10 code [0x000001f7a48ab0c0, 0x000001f7a48ab1b8]
Event: 10.763 Thread 0x000001f7bb10b000 2069       3       java.lang.System$2::getAnnotationType (5 bytes)
Event: 10.763 Thread 0x000001f7bb10b000 nmethod 2069 0x000001f7a48ab210 code [0x000001f7a48ab3c0, 0x000001f7a48ab4d8]
Event: 10.763 Thread 0x000001f7bb10b000 2068       3       java.util.Objects::hashCode (13 bytes)
Event: 10.763 Thread 0x000001f7bb10b000 nmethod 2068 0x000001f7a48ab590 code [0x000001f7a48ab760, 0x000001f7a48ab968]
Event: 10.763 Thread 0x000001f7bb10b000 2070       3       sun.reflect.annotation.AnnotationType::getInstance (65 bytes)
Event: 10.764 Thread 0x000001f7bb10b000 nmethod 2070 0x000001f7a48aba10 code [0x000001f7a48abc20, 0x000001f7a48ac208]
Event: 10.764 Thread 0x000001f7bb10b000 2071       3       sun.reflect.generics.scope.ClassScope::make (9 bytes)
Event: 10.764 Thread 0x000001f7bb10b000 nmethod 2071 0x000001f7a48ac490 code [0x000001f7a48ac660, 0x000001f7a48ac918]
Event: 10.764 Thread 0x000001f7bb10b000 2072       3       sun.reflect.generics.scope.ClassScope::<init> (6 bytes)
Event: 10.765 Thread 0x000001f7bb10b000 nmethod 2072 0x000001f7a48aca10 code [0x000001f7a48acbc0, 0x000001f7a48acdd8]
Event: 10.765 Thread 0x000001f7bb10b000 2073       3       java.lang.reflect.Constructor::newInstance (76 bytes)
Event: 10.765 Thread 0x000001f7bb10b000 nmethod 2073 0x000001f7a48ace90 code [0x000001f7a48ad0a0, 0x000001f7a48ad4d8]

GC Heap History (4 events):
Event: 1.448 GC heap before
{Heap before GC invocations=0 (full 0):
 garbage-first heap   total 194560K, used 29696K [0x0000000080000000, 0x0000000100000000)
  region size 1024K, 24 young (24576K), 0 survivors (0K)
 Metaspace       used 9779K, capacity 9960K, committed 10112K, reserved 1058816K
  class space    used 997K, capacity 1069K, committed 1152K, reserved 1048576K
}
Event: 1.478 GC heap after
{Heap after GC invocations=1 (full 0):
 garbage-first heap   total 194560K, used 9363K [0x0000000080000000, 0x0000000100000000)
  region size 1024K, 3 young (3072K), 3 survivors (3072K)
 Metaspace       used 9779K, capacity 9960K, committed 10112K, reserved 1058816K
  class space    used 997K, capacity 1069K, committed 1152K, reserved 1048576K
}
Event: 9.600 GC heap before
{Heap before GC invocations=1 (full 0):
 garbage-first heap   total 194560K, used 108691K [0x0000000080000000, 0x0000000100000000)
  region size 1024K, 100 young (102400K), 3 survivors (3072K)
 Metaspace       used 20803K, capacity 21191K, committed 21296K, reserved 1069056K
  class space    used 2523K, capacity 2685K, committed 2688K, reserved 1048576K
}
Event: 9.649 GC heap after
{Heap after GC invocations=2 (full 0):
 garbage-first heap   total 194560K, used 17207K [0x0000000080000000, 0x0000000100000000)
  region size 1024K, 11 young (11264K), 11 survivors (11264K)
 Metaspace       used 20803K, capacity 21191K, committed 21296K, reserved 1069056K
  class space    used 2523K, capacity 2685K, committed 2688K, reserved 1048576K
}

Deoptimization events (20 events):
Event: 9.015 Thread 0x000001f7bd1b6800 Uncommon trap: trap_request=0xffffffc6 fr.pc=0x000001f7aba1e9d4 relative=0x0000000000000114
Event: 9.015 Thread 0x000001f7bd1b6800 Uncommon trap: reason=bimorphic_or_optimized_type_check action=maybe_recompile pc=0x000001f7aba1e9d4 method=java.util.AbstractList$Itr.next()Ljava/lang/Object; @ 14 c2
Event: 9.015 Thread 0x000001f7bd1b6800 DEOPT PACKING pc=0x000001f7aba1e9d4 sp=0x000000d9fa6fc120
Event: 9.015 Thread 0x000001f7bd1b6800 DEOPT UNPACKING pc=0x000001f7a3ed85af sp=0x000000d9fa6fc0b8 mode 2
Event: 9.016 Thread 0x000001f7bd1b6800 Uncommon trap: trap_request=0xffffff4d fr.pc=0x000001f7aba1ac5c relative=0x000000000000051c
Event: 9.016 Thread 0x000001f7bd1b6800 Uncommon trap: reason=unstable_if action=reinterpret pc=0x000001f7aba1ac5c method=java.io.File.getName()Ljava/lang/String; @ 16 c2
Event: 9.016 Thread 0x000001f7bd1b6800 DEOPT PACKING pc=0x000001f7aba1ac5c sp=0x000000d9fa6fcc30
Event: 9.016 Thread 0x000001f7bd1b6800 DEOPT UNPACKING pc=0x000001f7a3ed85af sp=0x000000d9fa6fcc00 mode 2
Event: 9.016 Thread 0x000001f7bd1b6800 Uncommon trap: trap_request=0xffffff4d fr.pc=0x000001f7aba18934 relative=0x0000000000000474
Event: 9.016 Thread 0x000001f7bd1b6800 Uncommon trap: reason=unstable_if action=reinterpret pc=0x000001f7aba18934 method=java.lang.String.substring(I)Ljava/lang/String; @ 34 c2
Event: 9.016 Thread 0x000001f7bd1b6800 DEOPT PACKING pc=0x000001f7aba18934 sp=0x000000d9fa6fcbb0
Event: 9.016 Thread 0x000001f7bd1b6800 DEOPT UNPACKING pc=0x000001f7a3ed85af sp=0x000000d9fa6fcb88 mode 2
Event: 9.267 Thread 0x000001f7bd1b6800 Uncommon trap: trap_request=0xffffffcc fr.pc=0x000001f7aba97278 relative=0x00000000000002b8
Event: 9.267 Thread 0x000001f7bd1b6800 Uncommon trap: reason=intrinsic_or_type_checked_inlining action=make_not_entrant pc=0x000001f7aba97278 method=java.util.Arrays.copyOf([Ljava/lang/Object;ILjava/lang/Class;)[Ljava/lang/Object; @ 35 c2
Event: 9.267 Thread 0x000001f7bd1b6800 DEOPT PACKING pc=0x000001f7aba97278 sp=0x000000d9fa6fd520
Event: 9.267 Thread 0x000001f7bd1b6800 DEOPT UNPACKING pc=0x000001f7a3ed85af sp=0x000000d9fa6fd4c8 mode 2
Event: 9.925 Thread 0x000001f7bd1b6800 Uncommon trap: trap_request=0xffffff4d fr.pc=0x000001f7aba93318 relative=0x0000000000000398
Event: 9.925 Thread 0x000001f7bd1b6800 Uncommon trap: reason=unstable_if action=reinterpret pc=0x000001f7aba93318 method=jdk.internal.org.objectweb.asm.Type.getArgumentsAndReturnSizes(Ljava/lang/String;)I @ 88 c2
Event: 9.925 Thread 0x000001f7bd1b6800 DEOPT PACKING pc=0x000001f7aba93318 sp=0x000000d9fa6f9600
Event: 9.925 Thread 0x000001f7bd1b6800 DEOPT UNPACKING pc=0x000001f7a3ed85af sp=0x000000d9fa6f9588 mode 2

Classes redefined (0 events):
No events

Internal exceptions (20 events):
Event: 1.126 Thread 0x000001f79e21e000 Exception <a 'java/lang/NoSuchMethodError'{0x000000008abfb8a0}: 'void java.lang.invoke.DelegatingMethodHandle$Holder.delegate(java.lang.Object, java.lang.Object, int, java.lang.Object)'> (0x000000008abfb8a0) thrown at [src/hotspot/share/interpreter/linkResolver.cpp, line 773]
Event: 2.510 Thread 0x000001f79e21e000 Exception <a 'java/security/PrivilegedActionException'{0x0000000089c22db0}> (0x0000000089c22db0) thrown at [src/hotspot/share/prims/jvm.cpp, line 1306]
Event: 2.510 Thread 0x000001f79e21e000 Exception <a 'java/security/PrivilegedActionException'{0x0000000089c23328}> (0x0000000089c23328) thrown at [src/hotspot/share/prims/jvm.cpp, line 1306]
Event: 3.085 Thread 0x000001f79e21e000 Exception <a 'java/lang/NoSuchMethodError'{0x0000000088b5c4f8}: 'java.lang.Object java.lang.invoke.DirectMethodHandle$Holder.invokeStaticInit(java.lang.Object, java.lang.Object, java.lang.Object)'> (0x0000000088b5c4f8) thrown at [src/hotspot/share/interpreter/linkResolver.cpp, line 773]
Event: 3.485 Thread 0x000001f79e21e000 Exception <a 'java/lang/NoSuchMethodError'{0x00000000885f9db0}: 'java.lang.Object java.lang.invoke.DirectMethodHandle$Holder.invokeStaticInit(java.lang.Object, int, int, int, int)'> (0x00000000885f9db0) thrown at [src/hotspot/share/interpreter/linkResolver.cpp, line 773]
Event: 4.486 Thread 0x000001f79e21e000 Exception <a 'java/lang/NoSuchMethodError'{0x0000000088471630}: 'java.lang.Object java.lang.invoke.DirectMethodHandle$Holder.invokeStaticInit(java.lang.Object, java.lang.Object, int, int, int, int)'> (0x0000000088471630) thrown at [src/hotspot/share/interpreter/linkResolver.cpp, line 773]
Event: 7.813 Thread 0x000001f79e21e000 Exception <a 'java/io/IOException'{0x00000000882d30f0}> (0x00000000882d30f0) thrown at [src/hotspot/share/prims/jni.cpp, line 617]
Event: 8.458 Thread 0x000001f7bd1b6800 Exception <a 'java/lang/NoSuchMethodError'{0x0000000087a09d28}: 'long java.lang.invoke.DirectMethodHandle$Holder.invokeInterface(java.lang.Object, java.lang.Object)'> (0x0000000087a09d28) thrown at [src/hotspot/share/interpreter/linkResolver.cpp, line 773]
Event: 8.465 Thread 0x000001f7bd1b6800 Exception <a 'java/lang/NoSuchMethodError'{0x0000000087a16dc8}: 'void java.lang.invoke.DelegatingMethodHandle$Holder.reinvoke_L(java.lang.Object, java.lang.Object, java.lang.Object, java.lang.Object, java.lang.Object, java.lang.Object, java.lang.Object)'> (0x0000000087a16dc8) thrown at [src/hotspot/share/interpreter/linkResolver.cpp, line 773]
Event: 8.707 Thread 0x000001f7bd1b6800 Exception <a 'java/lang/NoSuchMethodError'{0x0000000087225658}: 'void java.lang.invoke.DirectMethodHandle$Holder.invokeStaticInit(java.lang.Object)'> (0x0000000087225658) thrown at [src/hotspot/share/interpreter/linkResolver.cpp, line 773]
Event: 8.746 Thread 0x000001f7bd1b6800 Exception <a 'java/lang/NoSuchMethodError'{0x00000000872e02d0}: 'java.lang.Object java.lang.invoke.DirectMethodHandle$Holder.invokeStatic(java.lang.Object, java.lang.Object, java.lang.Object, int)'> (0x00000000872e02d0) thrown at [src/hotspot/share/interpreter/linkResolver.cpp, line 773]
Event: 8.747 Thread 0x000001f7bd1b6800 Exception <a 'java/lang/NoSuchMethodError'{0x00000000872e4498}: 'java.lang.Object java.lang.invoke.DirectMethodHandle$Holder.invokeSpecial(java.lang.Object, java.lang.Object, java.lang.Object, java.lang.Object, int)'> (0x00000000872e4498) thrown at [src/hotspot/share/interpreter/linkResolver.cpp, line 773]
Event: 8.747 Thread 0x000001f7bd1b6800 Exception <a 'java/lang/NoSuchMethodError'{0x00000000872e7e80}: 'java.lang.Object java.lang.invoke.Invokers$Holder.linkToTargetMethod(java.lang.Object, java.lang.Object, int, java.lang.Object)'> (0x00000000872e7e80) thrown at [src/hotspot/share/interpreter/linkResolver.cpp, line 773]
Event: 9.064 Thread 0x000001f7bd1b6800 Exception <a 'java/lang/NoSuchMethodError'{0x000000008681c030}: 'java.lang.Object java.lang.invoke.Invokers$Holder.linkToTargetMethod(java.lang.Object, java.lang.Object, java.lang.Object, java.lang.Object, java.lang.Object, java.lang.Object)'> (0x000000008681c030) thrown at [src/hotspot/share/interpreter/linkResolver.cpp, line 773]
Event: 9.762 Thread 0x000001f7bd1b6800 Exception <a 'java/lang/NoSuchMethodError'{0x000000008bde7250}: 'int java.lang.invoke.DirectMethodHandle$Holder.invokeSpecialIFC(java.lang.Object, java.lang.Object, java.lang.Object, java.lang.Object)'> (0x000000008bde7250) thrown at [src/hotspot/share/interpreter/linkResolver.cpp, line 773]
Event: 9.765 Thread 0x000001f7bd1b6800 Exception <a 'java/lang/NoSuchMethodError'{0x000000008bdf5208}: 'java.lang.Object java.lang.invoke.DirectMethodHandle$Holder.invokeInterface(java.lang.Object, java.lang.Object, java.lang.Object)'> (0x000000008bdf5208) thrown at [src/hotspot/share/interpreter/linkResolver.cpp, line 773]
Event: 9.766 Thread 0x000001f7bd1b6800 Exception <a 'java/lang/IncompatibleClassChangeError'{0x000000008bdf86e0}: Found class java.lang.Object, but interface was expected> (0x000000008bdf86e0) thrown at [src/hotspot/share/interpreter/linkResolver.cpp, line 839]
Event: 10.061 Thread 0x000001f7bd1b6800 Exception <a 'java/lang/NoSuchMethodError'{0x000000008b5cb2a8}: 'void java.lang.invoke.DirectMethodHandle$Holder.invokeSpecial(java.lang.Object, java.lang.Object, java.lang.Object, java.lang.Object, java.lang.Object)'> (0x000000008b5cb2a8) thrown at [src/hotspot/share/interpreter/linkResolver.cpp, line 773]
Event: 10.169 Thread 0x000001f7bd1b6800 Exception <a 'java/lang/NoSuchMethodError'{0x000000008b3fc1b0}: 'java.lang.Object java.lang.invoke.DirectMethodHandle$Holder.invokeSpecial(java.lang.Object, java.lang.Object, java.lang.Object, java.lang.Object, java.lang.Object, java.lang.Object, java.lang.Object, java.lang.Object, java.lang.Object)'> (0x000000008b3fc1b0) thrown at [src/hotspot/share/interpreter/linkResolver.cpp, line 773]
Event: 10.625 Thread 0x000001f7bd1b6800 Exception <a 'java/lang/NoSuchMethodError'{0x000000008a8306d8}: 'java.lang.Object java.lang.invoke.DirectMethodHandle$Holder.invokeVirtual(java.lang.Object, java.lang.Object, java.lang.Object, java.lang.Object)'> (0x000000008a8306d8) thrown at [src/hotspot/share/interpreter/linkResolver.cpp, line 773]

Events (20 events):
Event: 10.707 loading class org/gradle/api/internal/project/ProjectStateRegistry
Event: 10.707 loading class org/gradle/api/internal/project/ProjectStateRegistry done
Event: 10.707 loading class org/gradle/api/internal/project/ProjectStateRegistry
Event: 10.707 loading class org/gradle/api/internal/project/ProjectStateRegistry done
Event: 10.707 loading class org/gradle/internal/build/AbstractBuildState
Event: 10.707 loading class org/gradle/internal/build/AbstractBuildState done
Event: 10.709 loading class org/gradle/internal/build/BuildWorkGraphController
Event: 10.709 loading class org/gradle/internal/build/BuildWorkGraphController done
Event: 10.709 loading class org/gradle/internal/build/BuildWorkGraphController
Event: 10.709 loading class org/gradle/internal/build/BuildWorkGraphController done
Event: 10.709 loading class org/gradle/internal/build/AbstractBuildState
Event: 10.709 loading class org/gradle/internal/build/AbstractBuildState done
Event: 10.735 loading class org/gradle/api/NonExtensible
Event: 10.735 loading class org/gradle/api/NonExtensible done
Event: 10.747 loading class org/gradle/api/HasImplicitReceiver
Event: 10.747 loading class org/gradle/api/HasImplicitReceiver done
Event: 10.764 loading class org/gradle/api/internal/FeaturePreviews$Feature
Event: 10.764 loading class org/gradle/api/internal/FeaturePreviews$Feature done
Event: 10.765 loading class org/gradle/configurationcache/DeprecatedFeaturesListenerManagerAction$DeprecatedFeaturesListener
Event: 10.765 loading class org/gradle/configurationcache/DeprecatedFeaturesListenerManagerAction$DeprecatedFeaturesListener done


Dynamic libraries:
0x00007ff7f8b40000 - 0x00007ff7f8b4a000 	C:\Program Files\Android\Android Studio\jbr\bin\java.exe
0x00007ff90e650000 - 0x00007ff90e864000 	C:\WINDOWS\SYSTEM32\ntdll.dll
0x00007ff90d7c0000 - 0x00007ff90d884000 	C:\WINDOWS\System32\KERNEL32.DLL
0x00007ff90be90000 - 0x00007ff90c234000 	C:\WINDOWS\System32\KERNELBASE.dll
0x00007ff90bad0000 - 0x00007ff90bbe1000 	C:\WINDOWS\System32\ucrtbase.dll
0x00007ff8ed7f0000 - 0x00007ff8ed80b000 	C:\Program Files\Android\Android Studio\jbr\bin\VCRUNTIME140.dll
0x00007ff8e3d40000 - 0x00007ff8e3d57000 	C:\Program Files\Android\Android Studio\jbr\bin\jli.dll
0x00007ff90d480000 - 0x00007ff90d62e000 	C:\WINDOWS\System32\USER32.dll
0x00007ff90baa0000 - 0x00007ff90bac6000 	C:\WINDOWS\System32\win32u.dll
0x00007ff90ce80000 - 0x00007ff90cea9000 	C:\WINDOWS\System32\GDI32.dll
0x00007ff90c2c0000 - 0x00007ff90c3d8000 	C:\WINDOWS\System32\gdi32full.dll
0x00007ff8eac10000 - 0x00007ff8eaea3000 	C:\WINDOWS\WinSxS\amd64_microsoft.windows.common-controls_6595b64144ccf1df_6.0.22621.2215_none_270d72677387dfc3\COMCTL32.dll
0x00007ff90ba00000 - 0x00007ff90ba9a000 	C:\WINDOWS\System32\msvcp_win.dll
0x00007ff90cbf0000 - 0x00007ff90cc97000 	C:\WINDOWS\System32\msvcrt.dll
0x00007ff90c3f0000 - 0x00007ff90c421000 	C:\WINDOWS\System32\IMM32.DLL
0x00007ff8f5930000 - 0x00007ff8f593c000 	C:\Program Files\Android\Android Studio\jbr\bin\vcruntime140_1.dll
0x00007ff8c7a30000 - 0x00007ff8c7abd000 	C:\Program Files\Android\Android Studio\jbr\bin\msvcp140.dll
0x00007ff8b2e30000 - 0x00007ff8b39ec000 	C:\Program Files\Android\Android Studio\jbr\bin\server\jvm.dll
0x00007ff90e290000 - 0x00007ff90e340000 	C:\WINDOWS\System32\ADVAPI32.dll
0x00007ff90e560000 - 0x00007ff90e606000 	C:\WINDOWS\System32\sechost.dll
0x00007ff90c740000 - 0x00007ff90c857000 	C:\WINDOWS\System32\RPCRT4.dll
0x00007ff90c3e0000 - 0x00007ff90c3e8000 	C:\WINDOWS\System32\PSAPI.DLL
0x00007ff8fa1a0000 - 0x00007ff8fa1a9000 	C:\WINDOWS\SYSTEM32\WSOCK32.dll
0x00007ff909430000 - 0x00007ff909464000 	C:\WINDOWS\SYSTEM32\WINMM.dll
0x00007ff90d400000 - 0x00007ff90d471000 	C:\WINDOWS\System32\WS2_32.dll
0x00007ff903b10000 - 0x00007ff903b1a000 	C:\WINDOWS\SYSTEM32\VERSION.dll
0x00007ff90aa30000 - 0x00007ff90aa48000 	C:\WINDOWS\SYSTEM32\kernel.appcore.dll
0x00007ff906730000 - 0x00007ff906740000 	C:\Program Files\Android\Android Studio\jbr\bin\verify.dll
0x00007ff909200000 - 0x00007ff90942e000 	C:\WINDOWS\SYSTEM32\DBGHELP.DLL
0x00007ff90c860000 - 0x00007ff90cbea000 	C:\WINDOWS\System32\combase.dll
0x00007ff90c630000 - 0x00007ff90c707000 	C:\WINDOWS\System32\OLEAUT32.dll
0x00007ff909190000 - 0x00007ff9091c2000 	C:\WINDOWS\SYSTEM32\dbgcore.DLL
0x00007ff90c240000 - 0x00007ff90c2ba000 	C:\WINDOWS\System32\bcryptPrimitives.dll
0x00007ff8f9400000 - 0x00007ff8f9428000 	C:\Program Files\Android\Android Studio\jbr\bin\java.dll
0x00007ff906720000 - 0x00007ff90672a000 	C:\Program Files\Android\Android Studio\jbr\bin\jimage.dll
0x00007ff8f9220000 - 0x00007ff8f9238000 	C:\Program Files\Android\Android Studio\jbr\bin\zip.dll
0x00007ff90d890000 - 0x00007ff90e0b3000 	C:\WINDOWS\System32\SHELL32.dll
0x00007ff909940000 - 0x00007ff90a22a000 	C:\WINDOWS\SYSTEM32\windows.storage.dll
0x00007ff909800000 - 0x00007ff90993e000 	C:\WINDOWS\SYSTEM32\wintypes.dll
0x00007ff90d630000 - 0x00007ff90d723000 	C:\WINDOWS\System32\SHCORE.dll
0x00007ff90cf20000 - 0x00007ff90cf7e000 	C:\WINDOWS\System32\shlwapi.dll
0x00007ff90b930000 - 0x00007ff90b956000 	C:\WINDOWS\SYSTEM32\profapi.dll
0x00007ff8f9200000 - 0x00007ff8f9219000 	C:\Program Files\Android\Android Studio\jbr\bin\net.dll
0x00007ff9022f0000 - 0x00007ff902427000 	C:\WINDOWS\SYSTEM32\WINHTTP.dll
0x00007ff90af80000 - 0x00007ff90afe9000 	C:\WINDOWS\system32\mswsock.dll
0x00007ff8f91e0000 - 0x00007ff8f91f3000 	C:\Program Files\Android\Android Studio\jbr\bin\nio.dll
0x00007ff8f5a70000 - 0x00007ff8f5a97000 	C:\Users\ltphi\.gradle\native\e1d6ef7f7dcc3fd88c89a11ec53ec762bb8ba0a96d01ffa2cd45eb1d1d8dd5c5\windows-amd64\native-platform.dll
0x00007ff8c52c0000 - 0x00007ff8c5404000 	C:\Users\ltphi\.gradle\native\0d407fdbe67a94daf76414ababcb853783967236a71b16ec16e742cd7a986fd3\windows-amd64\native-platform-file-events.dll
0x00007ff906710000 - 0x00007ff90671a000 	C:\Program Files\Android\Android Studio\jbr\bin\management.dll
0x00007ff9044c0000 - 0x00007ff9044cb000 	C:\Program Files\Android\Android Studio\jbr\bin\management_ext.dll
0x00007ff90b1b0000 - 0x00007ff90b1cb000 	C:\WINDOWS\SYSTEM32\CRYPTSP.dll
0x00007ff90a9f0000 - 0x00007ff90aa25000 	C:\WINDOWS\system32\rsaenh.dll
0x00007ff90b040000 - 0x00007ff90b06c000 	C:\WINDOWS\SYSTEM32\USERENV.dll
0x00007ff90b3d0000 - 0x00007ff90b3f8000 	C:\WINDOWS\SYSTEM32\bcrypt.dll
0x00007ff90b1d0000 - 0x00007ff90b1dc000 	C:\WINDOWS\SYSTEM32\CRYPTBASE.dll
0x00007ff90a490000 - 0x00007ff90a4bd000 	C:\WINDOWS\SYSTEM32\IPHLPAPI.DLL
0x00007ff90c730000 - 0x00007ff90c739000 	C:\WINDOWS\System32\NSI.dll
0x00007ff902200000 - 0x00007ff902219000 	C:\WINDOWS\SYSTEM32\dhcpcsvc6.DLL
0x00007ff9021e0000 - 0x00007ff9021ff000 	C:\WINDOWS\SYSTEM32\dhcpcsvc.DLL
0x00007ff90a500000 - 0x00007ff90a5f2000 	C:\WINDOWS\SYSTEM32\DNSAPI.dll

dbghelp: loaded successfully - version: 4.0.5 - missing functions: none
symbol engine: initialized successfully - sym options: 0x614 - pdb path: .;C:\Program Files\Android\Android Studio\jbr\bin;C:\WINDOWS\SYSTEM32;C:\WINDOWS\WinSxS\amd64_microsoft.windows.common-controls_6595b64144ccf1df_6.0.22621.2215_none_270d72677387dfc3;C:\Program Files\Android\Android Studio\jbr\bin\server;C:\Users\ltphi\.gradle\native\e1d6ef7f7dcc3fd88c89a11ec53ec762bb8ba0a96d01ffa2cd45eb1d1d8dd5c5\windows-amd64;C:\Users\ltphi\.gradle\native\0d407fdbe67a94daf76414ababcb853783967236a71b16ec16e742cd7a986fd3\windows-amd64

VM Arguments:
jvm_args: --add-opens=java.base/java.util=ALL-UNNAMED --add-opens=java.base/java.lang=ALL-UNNAMED --add-opens=java.base/java.lang.invoke=ALL-UNNAMED --add-opens=java.base/java.util=ALL-UNNAMED --add-opens=java.prefs/java.util.prefs=ALL-UNNAMED --add-opens=java.prefs/java.util.prefs=ALL-UNNAMED --add-opens=java.base/java.nio.charset=ALL-UNNAMED --add-opens=java.base/java.net=ALL-UNNAMED --add-opens=java.base/java.util.concurrent.atomic=ALL-UNNAMED -Xmx2048m -Dfile.encoding=UTF-8 -Duser.country=US -Duser.language=en -Duser.variant 
java_command: org.gradle.launcher.daemon.bootstrap.GradleDaemon 7.5
java_class_path (initial): C:\Users\ltphi\.gradle\wrapper\dists\gradle-7.5-bin\f1w0cc9nuo0eivz97x2xlu9sv\gradle-7.5\lib\gradle-launcher-7.5.jar
Launcher Type: SUN_STANDARD

[Global flags]
     intx CICompilerCount                          = 4                                         {product} {ergonomic}
     uint ConcGCThreads                            = 2                                         {product} {ergonomic}
     uint G1ConcRefinementThreads                  = 8                                         {product} {ergonomic}
   size_t G1HeapRegionSize                         = 1048576                                   {product} {ergonomic}
    uintx GCDrainStackTargetSize                   = 64                                        {product} {ergonomic}
   size_t InitialHeapSize                          = 199229440                                 {product} {ergonomic}
   size_t MarkStackSize                            = 4194304                                   {product} {ergonomic}
   size_t MaxHeapSize                              = 2147483648                                {product} {command line}
   size_t MaxNewSize                               = 1287651328                                {product} {ergonomic}
   size_t MinHeapDeltaBytes                        = 1048576                                   {product} {ergonomic}
    uintx NonNMethodCodeHeapSize                   = 5836300                                {pd product} {ergonomic}
    uintx NonProfiledCodeHeapSize                  = 122910970                              {pd product} {ergonomic}
    uintx ProfiledCodeHeapSize                     = 122910970                              {pd product} {ergonomic}
    uintx ReservedCodeCacheSize                    = 251658240                              {pd product} {ergonomic}
     bool SegmentedCodeCache                       = true                                      {product} {ergonomic}
     bool UseCompressedClassPointers               = true                                 {lp64_product} {ergonomic}
     bool UseCompressedOops                        = true                                 {lp64_product} {ergonomic}
     bool UseG1GC                                  = true                                      {product} {ergonomic}
     bool UseLargePagesIndividualAllocation        = false                                  {pd product} {ergonomic}

Logging:
Log output configuration:
 #0: stdout all=warning uptime,level,tags
 #1: stderr all=off uptime,level,tags

Environment Variables:
PATH=C:\WINDOWS\system32;C:\WINDOWS;C:\WINDOWS\System32\Wbem;C:\WINDOWS\System32\WindowsPowerShell\v1.0\;C:\WINDOWS\System32\OpenSSH\;C:\Program Files\Microsoft SQL Server\Client SDK\ODBC\170\Tools\Binn\;C:\Program Files (x86)\Microsoft SQL Server\150\Tools\Binn\;C:\Program Files\Microsoft SQL Server\150\Tools\Binn\;C:\Program Files\Microsoft SQL Server\150\DTS\Binn\;C:\Program Files (x86)\Microsoft SQL Server\150\DTS\Binn\;C:\Program Files\Azure Data Studio\bin;C:\Program Files\nodejs;C:\Windows\System32;C:\composer;C:\Program Files\Git\cmd;C:\Program Files\MongoDB\Server\6.0\bin;C:\MinGW\bin;C:\Program Files\dotnet\;C:\Program Files\PuTTY\;C:\Users\ltphi\AppData\Local\Programs\Python\Python311;C:\Users\ltphi\AppData\Local\Programs\Python\Python311\Scripts;C:\Users\ltphi\AppData\Local\Microsoft\WindowsApps;C:\Users\ltphi\AppData\Local\Programs\Microsoft VS Code\bin;C:\Program Files\Azure Data Studio\bin;C:\Users\ltphi\AppData\Roaming\npm;C:\xampp\php;C:\Users\ltphi\AppData\Roaming\Composer\vendor\bin;C:\Users\ltphi\.dotnet\tools
USERNAME=ltphi
OS=Windows_NT
PROCESSOR_IDENTIFIER=Intel64 Family 6 Model 126 Stepping 5, GenuineIntel



---------------  S Y S T E M  ---------------

OS: Windows 11 , 64 bit Build 22621 (10.0.22621.2215)
OS uptime: 9 days 4:14 hours
Hyper-V role detected

CPU:total 8 (initial active 8) (4 cores per cpu, 2 threads per core) family 6 model 126 stepping 5 microcode 0xbc, cmov, cx8, fxsr, mmx, sse, sse2, sse3, ssse3, sse4.1, sse4.2, popcnt, avx, avx2, aes, clmul, erms, 3dnowpref, lzcnt, ht, tsc, tscinvbit, bmi1, bmi2, adx, evex, sha, fma

Memory: 4k page, system-wide physical 12036M (346M free)
TotalPageFile size 37427M (AvailPageFile size 4M)
current process WorkingSet (physical memory assigned to process): 222M, peak: 222M
current process commit charge ("private bytes"): 337M, peak: 339M

vm_info: OpenJDK 64-Bit Server VM (11.0.15+0-b2043.56-9505619) for windows-amd64 JRE (11.0.15+0-b2043.56-9505619), built on Jan 19 2023 02:48:00 by "builduser" with unknown MS VC++:1929

END.
